$ java -d64 -Xmx3G ZombieHordeMin > reference_route_corrected_min.out
5 6 1 2 4 2 3 4 3 1 4 2 4 10 2 5 10 1 1 50
Checking len 1
Checking len 2
Checking len 3
Checking len 4
Checking len 5
Checking len 6
Checking len 7
Checking len 8
Checking len 9
Checking len 10
Checking len 11
Checking len 12
Checking len 13
Checking len 14
Checking len 15
Checking len 16
Checking len 17
Checking len 18
Checking len 19
Checking len 20
Checking len 21
Checking len 22
Checking len 23
Checking len 24
25 x
 0:1,0-100 1:3,1-97 2:1,1-95 3:2,1-94 4:5,1-88 5:2,1-80 6:4,1-76 7:2,1-68 8:1,1-70 9:2,1-68 10:1,1-66 11:2,1-64 12:1,1-62 13:2,1-60 14:1,1-58 15:2,1-56 16:1,1-54 17:2,1-52 18:1,1-50 19:2,1-48 20:1,1-46 21:2,1-44 22:1,1-42 23:2,1-40 24:1,1-38
